1595417039705:test shell
1595417049788:stacktrace
1595417067974:testShell
1595417073589:stacktrace
1595417099067:testShell
1595417690364:test-shell hello
1595417802131:test-shell -text "hello world"
1595417830909:test-shell "elloworld"
1595417842114:test-shell hello world
1595417855309:test-shell 'hello world'
1595420565640:test-shell 'gaklsjgdl;aksjgasd;l'
1595495609542:get-date
1595937105598:stacktrace
1595937431742:etdt
1595937443550:get-date
1597320813269:dto
1597320832753:test shell
1597320837544:get-dto
1597321056997:stacktrace
1597322004131:get-dtp
1597322009335:get-dto
1597322402393:etdo\\
1597322407578:get-dto
1597323019691:etdo
1597323023646:get-dto
